[2020-11-10 18:24:22.987] [exthost] [info] extension host started
[2020-11-10 18:24:23.165] [exthost] [info] ExtensionService#_doActivateExtension vscode.microsoft-authentication {"startup":false,"extensionId":{"value":"vscode.microsoft-authentication","_lower":"vscode.microsoft-authentication"},"activationEvent":"onAuthenticationRequest:microsoft"}
[2020-11-10 18:24:23.165] [exthost] [info] ExtensionService#loadCommonJSModule file:///opt/visual-studio-code/resources/app/extensions/microsoft-authentication/dist/extension.js
[2020-11-10 18:24:23.183] [exthost] [info] ExtensionService#_doActivateExtension ms-vscode.js-debug {"startup":false,"extensionId":{"value":"ms-vscode.js-debug","_lower":"ms-vscode.js-debug"},"activationEvent":"onDebugDynamicConfigurations"}
[2020-11-10 18:24:23.183] [exthost] [info] ExtensionService#loadCommonJSModule file:///opt/visual-studio-code/resources/app/extensions/ms-vscode.js-debug/src/extension.js
[2020-11-10 18:24:23.277] [exthost] [info] ExtensionService#_doActivateExtension vscode.debug-auto-launch {"startup":true,"extensionId":{"value":"vscode.debug-auto-launch","_lower":"vscode.debug-auto-launch"},"activationEvent":"*"}
[2020-11-10 18:24:23.277] [exthost] [info] ExtensionService#loadCommonJSModule file:///opt/visual-studio-code/resources/app/extensions/debug-auto-launch/dist/extension
[2020-11-10 18:24:23.279] [exthost] [info] ExtensionService#_doActivateExtension vscode.emmet {"startup":true,"extensionId":{"value":"vscode.emmet","_lower":"vscode.emmet"},"activationEvent":"*"}
[2020-11-10 18:24:23.279] [exthost] [info] ExtensionService#loadCommonJSModule file:///opt/visual-studio-code/resources/app/extensions/emmet/dist/node/emmetNodeMain
[2020-11-10 18:24:23.286] [exthost] [info] ExtensionService#_doActivateExtension vscode.git {"startup":true,"extensionId":{"value":"vscode.github","_lower":"vscode.github"},"activationEvent":"*"}
[2020-11-10 18:24:23.286] [exthost] [info] ExtensionService#loadCommonJSModule file:///opt/visual-studio-code/resources/app/extensions/git/dist/main
[2020-11-10 18:24:23.297] [exthost] [info] ExtensionService#_doActivateExtension vscode.merge-conflict {"startup":true,"extensionId":{"value":"vscode.merge-conflict","_lower":"vscode.merge-conflict"},"activationEvent":"*"}
[2020-11-10 18:24:23.297] [exthost] [info] ExtensionService#loadCommonJSModule file:///opt/visual-studio-code/resources/app/extensions/merge-conflict/dist/mergeConflictMain
[2020-11-10 18:24:23.298] [exthost] [info] ExtensionService#_doActivateExtension vscode.search-result {"startup":true,"extensionId":{"value":"vscode.search-result","_lower":"vscode.search-result"},"activationEvent":"*"}
[2020-11-10 18:24:23.298] [exthost] [info] ExtensionService#loadCommonJSModule file:///opt/visual-studio-code/resources/app/extensions/search-result/dist/extension.js
[2020-11-10 18:24:23.299] [exthost] [info] ExtensionService#_doActivateExtension be5invis.vscode-custom-css {"startup":true,"extensionId":{"value":"be5invis.vscode-custom-css","_lower":"be5invis.vscode-custom-css"},"activationEvent":"*"}
[2020-11-10 18:24:23.299] [exthost] [info] ExtensionService#loadCommonJSModule file:///home/varshith/.vscode/extensions/be5invis.vscode-custom-css-4.0.0/src/extension
[2020-11-10 18:24:23.306] [exthost] [info] ExtensionService#_doActivateExtension dlasagno.wal-theme {"startup":true,"extensionId":{"value":"dlasagno.wal-theme","_lower":"dlasagno.wal-theme"},"activationEvent":"*"}
[2020-11-10 18:24:23.306] [exthost] [info] ExtensionService#loadCommonJSModule file:///home/varshith/.vscode/extensions/dlasagno.wal-theme-1.0.4/out/extension.js
[2020-11-10 18:24:23.312] [exthost] [info] ExtensionService#_doActivateExtension sainnhe.gruvbox-material {"startup":true,"extensionId":{"value":"sainnhe.gruvbox-material","_lower":"sainnhe.gruvbox-material"},"activationEvent":"*"}
[2020-11-10 18:24:23.312] [exthost] [info] ExtensionService#loadCommonJSModule file:///home/varshith/.vscode/extensions/sainnhe.gruvbox-material-6.3.4/out/extension.js
[2020-11-10 18:24:23.326] [exthost] [info] ExtensionService#_doActivateExtension zhuangtongfa.material-theme {"startup":true,"extensionId":{"value":"zhuangtongfa.material-theme","_lower":"zhuangtongfa.material-theme"},"activationEvent":"*"}
[2020-11-10 18:24:23.326] [exthost] [info] ExtensionService#loadCommonJSModule file:///home/varshith/.vscode/extensions/zhuangtongfa.material-theme-3.9.3/out/extension.js
[2020-11-10 18:24:23.457] [exthost] [info] ExtensionService#_doActivateExtension vscode.github {"startup":true,"extensionId":{"value":"vscode.github","_lower":"vscode.github"},"activationEvent":"*"}
[2020-11-10 18:24:23.457] [exthost] [info] ExtensionService#loadCommonJSModule file:///opt/visual-studio-code/resources/app/extensions/github/dist/extension.js
[2020-11-10 18:24:23.470] [exthost] [info] eager extensions activated
[2020-11-10 18:24:23.484] [exthost] [info] ExtensionService#_doActivateExtension esbenp.prettier-vscode {"startup":false,"extensionId":{"value":"esbenp.prettier-vscode","_lower":"esbenp.prettier-vscode"},"activationEvent":"onStartupFinished"}
[2020-11-10 18:24:23.484] [exthost] [info] ExtensionService#loadCommonJSModule file:///home/varshith/.vscode/extensions/esbenp.prettier-vscode-5.7.1/dist/extension
[2020-11-10 18:24:23.530] [exthost] [info] ExtensionService#_doActivateExtension vscode.github-authentication {"startup":false,"extensionId":{"value":"vscode.github-authentication","_lower":"vscode.github-authentication"},"activationEvent":"onAuthenticationRequest:github"}
[2020-11-10 18:24:23.531] [exthost] [info] ExtensionService#loadCommonJSModule file:///opt/visual-studio-code/resources/app/extensions/github-authentication/dist/extension.js
